<?xml version="1.0" encoding="UTF-8"?>
<!-- Generated by org.testng.reporters.JUnitXMLReporter -->
<testsuite ignored="2" hostname="TYSS-Chaithra" failures="1" tests="2" name="Test" time="91.092" errors="0" timestamp="2023-12-27T17:29:05 IST">
  <testcase classname="contactsTests.CreateContactWithLeadSourceTest" name="createContactWithLead" time="26.88"/>
  <testcase classname="contactsTests.CreateContactTest" name="createContactWithMandatoryFields" time="26.15">
    <failure type="java.lang.AssertionError" message="null">
      <![CDATA[java.lang.AssertionError: null
at contactsTests.CreateContactTest.createContactWithMandatoryFields(CreateContactTest.java:44)
at java.base/java.util.ArrayList.forEach(ArrayList.java:1541)
... Removed 29 stack frames]]>
    </failure>
  </testcase> <!-- createContactWithMandatoryFields -->
  <testcase classname="genericUTilities.BaseClass" name="@AfterSuite asConfig" time="0.0">
    <ignored/>
  </testcase> <!-- @AfterSuite asConfig -->
  <testcase classname="genericUTilities.BaseClass" name="@BeforeSuite bsConfig" time="0.0">
    <ignored/>
  </testcase> <!-- @BeforeSuite bsConfig -->
</testsuite> <!-- Test -->
